# JRE version: Java(TM) SE Runtime Environment (8.0_131-b11) (build 1.8.0_131-b11)
# Java VM: Java HotSpot(TM) 64-Bit Server VM (25.131-b11 mixed mode windows-amd64 compressed oops)
Heap:
 PSYoungGen      total 144896K, used 107213K [0x00000000f5580000, 0x0000000100000000, 0x0000000100000000)
  eden space 129536K, 82% used [0x00000000f5580000,0x00000000fbe33790,0x00000000fd400000)
  from space 15360K, 0% used [0x00000000ff100000,0x00000000ff100000,0x0000000100000000)
  to   space 22528K, 0% used [0x00000000fd400000,0x00000000fd400000,0x00000000fea00000)
 ParOldGen       total 176128K, used 36402K [0x00000000e0000000, 0x00000000eac00000, 0x00000000f5580000)
  object space 176128K, 20% used [0x00000000e0000000,0x00000000e238cb90,0x00000000eac00000)
 Metaspace       used 62917K, capacity 65248K, committed 65408K, reserved 1105920K
  class space    used 8805K, capacity 9315K, committed 9344K, reserved 1048576K
GC Heap History (10 events):
Event: 4.767 GC heap before
{Heap before GC invocations=7 (full 1):
 PSYoungGen      total 138752K, used 13338K [0x00000000f5580000, 0x0000000100000000, 0x0000000100000000)
  eden space 128000K, 2% used [0x00000000f5580000,0x00000000f580d590,0x00000000fd280000)
  from space 10752K, 99% used [0x00000000fd280000,0x00000000fdcf92a0,0x00000000fdd00000)
  to   space 15360K, 0% used [0x00000000ff100000,0x00000000ff100000,0x0000000100000000)
 ParOldGen       total 175104K, used 14082K [0x00000000e0000000, 0x00000000eab00000, 0x00000000f5580000)
  object space 175104K, 8% used [0x00000000e0000000,0x00000000e0dc0878,0x00000000eab00000)
 Metaspace       used 34406K, capacity 35378K, committed 35416K, reserved 1079296K
  class space    used 4863K, capacity 5083K, committed 5120K, reserved 1048576K
Event: 4.775 GC heap after
Heap after GC invocations=7 (full 1):
 PSYoungGen      total 159232K, used 7872K [0x00000000f5580000, 0x0000000100000000, 0x0000000100000000)
  eden space 143872K, 0% used [0x00000000f5580000,0x00000000f5580000,0x00000000fe200000)
  from space 15360K, 51% used [0x00000000ff100000,0x00000000ff8b0000,0x0000000100000000)
  to   space 15360K, 0% used [0x00000000fe200000,0x00000000fe200000,0x00000000ff100000)
 ParOldGen       total 175104K, used 14090K [0x00000000e0000000, 0x00000000eab00000, 0x00000000f5580000)
  object space 175104K, 8% used [0x00000000e0000000,0x00000000e0dc2878,0x00000000eab00000)
 Metaspace       used 34406K, capacity 35378K, committed 35416K, reserved 1079296K
  class space    used 4863K, capacity 5083K, committed 5120K, reserved 1048576K
}
Event: 4.775 GC heap before
{Heap before GC invocations=8 (full 2):
 PSYoungGen      total 159232K, used 7872K [0x00000000f5580000, 0x0000000100000000, 0x0000000100000000)
  eden space 143872K, 0% used [0x00000000f5580000,0x00000000f5580000,0x00000000fe200000)
  from space 15360K, 51% used [0x00000000ff100000,0x00000000ff8b0000,0x0000000100000000)
  to   space 15360K, 0% used [0x00000000fe200000,0x00000000fe200000,0x00000000ff100000)
 ParOldGen       total 175104K, used 14090K [0x00000000e0000000, 0x00000000eab00000, 0x00000000f5580000)
  object space 175104K, 8% used [0x00000000e0000000,0x00000000e0dc2878,0x00000000eab00000)
 Metaspace       used 34406K, capacity 35378K, committed 35416K, reserved 1079296K
  class space    used 4863K, capacity 5083K, committed 5120K, reserved 1048576K
Event: 4.837 GC heap after
Heap after GC invocations=8 (full 2):
 PSYoungGen      total 159232K, used 0K [0x00000000f5580000, 0x0000000100000000, 0x0000000100000000)
  eden space 143872K, 0% used [0x00000000f5580000,0x00000000f5580000,0x00000000fe200000)
  from space 15360K, 0% used [0x00000000ff100000,0x00000000ff100000,0x0000000100000000)
  to   space 15360K, 0% used [0x00000000fe200000,0x00000000fe200000,0x00000000ff100000)
 ParOldGen       total 175104K, used 15278K [0x00000000e0000000, 0x00000000eab00000, 0x00000000f5580000)
  object space 175104K, 8% used [0x00000000e0000000,0x00000000e0eeb900,0x00000000eab00000)
 Metaspace       used 34406K, capacity 35378K, committed 35416K, reserved 1079296K
  class space    used 4863K, capacity 5083K, committed 5120K, reserved 1048576K
}
Event: 6.269 GC heap before
{Heap before GC invocations=9 (full 2):
 PSYoungGen      total 159232K, used 143872K [0x00000000f5580000, 0x0000000100000000, 0x0000000100000000)
  eden space 143872K, 100% used [0x00000000f5580000,0x00000000fe200000,0x00000000fe200000)
  from space 15360K, 0% used [0x00000000ff100000,0x00000000ff100000,0x0000000100000000)
  to   space 15360K, 0% used [0x00000000fe200000,0x00000000fe200000,0x00000000ff100000)
 ParOldGen       total 175104K, used 15278K [0x00000000e0000000, 0x00000000eab00000, 0x00000000f5580000)
  object space 175104K, 8% used [0x00000000e0000000,0x00000000e0eeb900,0x00000000eab00000)
 Metaspace       used 45901K, capacity 47358K, committed 47616K, reserved 1089536K
  class space    used 6327K, capacity 6645K, committed 6656K, reserved 1048576K
Event: 6.285 GC heap after
Heap after GC invocations=9 (full 2):
 PSYoungGen      total 159232K, used 15348K [0x00000000f5580000, 0x0000000100000000, 0x0000000100000000)
  eden space 143872K, 0% used [0x00000000f5580000,0x00000000f5580000,0x00000000fe200000)
  from space 15360K, 99% used [0x00000000fe200000,0x00000000ff0fd2c0,0x00000000ff100000)
  to   space 15360K, 0% used [0x00000000ff100000,0x00000000ff100000,0x0000000100000000)
 ParOldGen       total 175104K, used 18060K [0x00000000e0000000, 0x00000000eab00000, 0x00000000f5580000)
  object space 175104K, 10% used [0x00000000e0000000,0x00000000e11a30b0,0x00000000eab00000)
 Metaspace       used 45901K, capacity 47358K, committed 47616K, reserved 1089536K
  class space    used 6327K, capacity 6645K, committed 6656K, reserved 1048576K
}
Event: 7.472 GC heap before
{Heap before GC invocations=10 (full 2):
 PSYoungGen      total 159232K, used 155419K [0x00000000f5580000, 0x0000000100000000, 0x0000000100000000)
  eden space 143872K, 97% used [0x00000000f5580000,0x00000000fde49c00,0x00000000fe200000)
  from space 15360K, 99% used [0x00000000fe200000,0x00000000ff0fd2c0,0x00000000ff100000)
  to   space 15360K, 0% used [0x00000000ff100000,0x00000000ff100000,0x0000000100000000)
 ParOldGen       total 175104K, used 18060K [0x00000000e0000000, 0x00000000eab00000, 0x00000000f5580000)
  object space 175104K, 10% used [0x00000000e0000000,0x00000000e11a30b0,0x00000000eab00000)
 Metaspace       used 57205K, capacity 58912K, committed 59008K, reserved 1099776K
  class space    used 7895K, capacity 8240K, committed 8320K, reserved 1048576K
Event: 7.489 GC heap after
Heap after GC invocations=10 (full 2):
 PSYoungGen      total 144896K, used 15346K [0x00000000f5580000, 0x0000000100000000, 0x0000000100000000)
  eden space 129536K, 0% used [0x00000000f5580000,0x00000000f5580000,0x00000000fd400000)
  from space 15360K, 99% used [0x00000000ff100000,0x00000000ffffcbe8,0x0000000100000000)
  to   space 22528K, 0% used [0x00000000fd400000,0x00000000fd400000,0x00000000fea00000)
 ParOldGen       total 175104K, used 25058K [0x00000000e0000000, 0x00000000eab00000, 0x00000000f5580000)
  object space 175104K, 14% used [0x00000000e0000000,0x00000000e1878a68,0x00000000eab00000)
 Metaspace       used 57205K, capacity 58912K, committed 59008K, reserved 1099776K
  class space    used 7895K, capacity 8240K, committed 8320K, reserved 1048576K
}
Event: 7.489 GC heap before
{Heap before GC invocations=11 (full 3):
 PSYoungGen      total 144896K, used 15346K [0x00000000f5580000, 0x0000000100000000, 0x0000000100000000)
  eden space 129536K, 0% used [0x00000000f5580000,0x00000000f5580000,0x00000000fd400000)
  from space 15360K, 99% used [0x00000000ff100000,0x00000000ffffcbe8,0x0000000100000000)
  to   space 22528K, 0% used [0x00000000fd400000,0x00000000fd400000,0x00000000fea00000)
 ParOldGen       total 175104K, used 25058K [0x00000000e0000000, 0x00000000eab00000, 0x00000000f5580000)
  object space 175104K, 14% used [0x00000000e0000000,0x00000000e1878a68,0x00000000eab00000)
 Metaspace       used 57205K, capacity 58912K, committed 59008K, reserved 1099776K
  class space    used 7895K, capacity 8240K, committed 8320K, reserved 1048576K
Event: 7.650 GC heap after
Heap after GC invocations=11 (full 3):
 PSYoungGen      total 144896K, used 0K [0x00000000f5580000, 0x0000000100000000, 0x0000000100000000)
  eden space 129536K, 0% used [0x00000000f5580000,0x00000000f5580000,0x00000000fd400000)
  from space 15360K, 0% used [0x00000000ff100000,0x00000000ff100000,0x0000000100000000)
  to   space 22528K, 0% used [0x00000000fd400000,0x00000000fd400000,0x00000000fea00000)
 ParOldGen       total 176128K, used 36402K [0x00000000e0000000, 0x00000000eac00000, 0x00000000f5580000)
  object space 176128K, 20% used [0x00000000e0000000,0x00000000e238cb90,0x00000000eac00000)
 Metaspace       used 57189K, capacity 58858K, committed 59008K, reserved 1099776K
  class space    used 7890K, capacity 8231K, committed 8320K, reserved 1048576K
}

