# JRE version: Java(TM) SE Runtime Environment (8.0_131-b11) (build 1.8.0_131-b11)
# Java VM: Java HotSpot(TM) 64-Bit Server VM (25.131-b11 mixed mode windows-amd64 compressed oops)
Heap:
 PSYoungGen      total 139776K, used 71845K [0x00000000f5580000, 0x0000000100000000, 0x0000000100000000)
  eden space 119296K, 43% used [0x00000000f5580000,0x00000000f87b3ef8,0x00000000fca00000)
  from space 20480K, 99% used [0x00000000fca00000,0x00000000fddf5858,0x00000000fde00000)
  to   space 28672K, 0% used [0x00000000fe400000,0x00000000fe400000,0x0000000100000000)
 ParOldGen       total 181760K, used 59503K [0x00000000e0000000, 0x00000000eb180000, 0x00000000f5580000)
  object space 181760K, 32% used [0x00000000e0000000,0x00000000e3a1bf88,0x00000000eb180000)
 Metaspace       used 80786K, capacity 83990K, committed 84224K, reserved 1124352K
  class space    used 10560K, capacity 11228K, committed 11264K, reserved 1048576K
GC Heap History (10 events):
Event: 7.197 GC heap before
{Heap before GC invocations=12 (full 3):
 PSYoungGen      total 147968K, used 132608K [0x00000000f5580000, 0x0000000100000000, 0x0000000100000000)
  eden space 132608K, 100% used [0x00000000f5580000,0x00000000fd700000,0x00000000fd700000)
  from space 15360K, 0% used [0x00000000ff100000,0x00000000ff100000,0x0000000100000000)
  to   space 20992K, 0% used [0x00000000fd700000,0x00000000fd700000,0x00000000feb80000)
 ParOldGen       total 181760K, used 33256K [0x00000000e0000000, 0x00000000eb180000, 0x00000000f5580000)
  object space 181760K, 18% used [0x00000000e0000000,0x00000000e207a2e8,0x00000000eb180000)
 Metaspace       used 62608K, capacity 65226K, committed 65408K, reserved 1105920K
  class space    used 8758K, capacity 9288K, committed 9344K, reserved 1048576K
Event: 7.207 GC heap after
Heap after GC invocations=12 (full 3):
 PSYoungGen      total 153600K, used 13071K [0x00000000f5580000, 0x0000000100000000, 0x0000000100000000)
  eden space 132608K, 0% used [0x00000000f5580000,0x00000000f5580000,0x00000000fd700000)
  from space 20992K, 62% used [0x00000000fd700000,0x00000000fe3c3d68,0x00000000feb80000)
  to   space 20480K, 0% used [0x00000000fec00000,0x00000000fec00000,0x0000000100000000)
 ParOldGen       total 181760K, used 33264K [0x00000000e0000000, 0x00000000eb180000, 0x00000000f5580000)
  object space 181760K, 18% used [0x00000000e0000000,0x00000000e207c2e8,0x00000000eb180000)
 Metaspace       used 62608K, capacity 65226K, committed 65408K, reserved 1105920K
  class space    used 8758K, capacity 9288K, committed 9344K, reserved 1048576K
}
Event: 199.156 GC heap before
{Heap before GC invocations=13 (full 3):
 PSYoungGen      total 153600K, used 145679K [0x00000000f5580000, 0x0000000100000000, 0x0000000100000000)
  eden space 132608K, 100% used [0x00000000f5580000,0x00000000fd700000,0x00000000fd700000)
  from space 20992K, 62% used [0x00000000fd700000,0x00000000fe3c3d68,0x00000000feb80000)
  to   space 20480K, 0% used [0x00000000fec00000,0x00000000fec00000,0x0000000100000000)
 ParOldGen       total 181760K, used 33264K [0x00000000e0000000, 0x00000000eb180000, 0x00000000f5580000)
  object space 181760K, 18% used [0x00000000e0000000,0x00000000e207c2e8,0x00000000eb180000)
 Metaspace       used 70659K, capacity 73714K, committed 73984K, reserved 1114112K
  class space    used 9529K, capacity 10184K, committed 10240K, reserved 1048576K
Event: 199.180 GC heap after
Heap after GC invocations=13 (full 3):
 PSYoungGen      total 145920K, used 20476K [0x00000000f5580000, 0x0000000100000000, 0x0000000100000000)
  eden space 125440K, 0% used [0x00000000f5580000,0x00000000f5580000,0x00000000fd000000)
  from space 20480K, 99% used [0x00000000fec00000,0x00000000fffff0f0,0x0000000100000000)
  to   space 24576K, 0% used [0x00000000fd000000,0x00000000fd000000,0x00000000fe800000)
 ParOldGen       total 181760K, used 38637K [0x00000000e0000000, 0x00000000eb180000, 0x00000000f5580000)
  object space 181760K, 21% used [0x00000000e0000000,0x00000000e25bb548,0x00000000eb180000)
 Metaspace       used 70659K, capacity 73714K, committed 73984K, reserved 1114112K
  class space    used 9529K, capacity 10184K, committed 10240K, reserved 1048576K
}
Event: 200.368 GC heap before
{Heap before GC invocations=14 (full 3):
 PSYoungGen      total 145920K, used 145916K [0x00000000f5580000, 0x0000000100000000, 0x0000000100000000)
  eden space 125440K, 100% used [0x00000000f5580000,0x00000000fd000000,0x00000000fd000000)
  from space 20480K, 99% used [0x00000000fec00000,0x00000000fffff0f0,0x0000000100000000)
  to   space 24576K, 0% used [0x00000000fd000000,0x00000000fd000000,0x00000000fe800000)
 ParOldGen       total 181760K, used 38637K [0x00000000e0000000, 0x00000000eb180000, 0x00000000f5580000)
  object space 181760K, 21% used [0x00000000e0000000,0x00000000e25bb548,0x00000000eb180000)
 Metaspace       used 76004K, capacity 79038K, committed 79360K, reserved 1118208K
  class space    used 10208K, capacity 10920K, committed 11008K, reserved 1048576K
Event: 200.381 GC heap after
Heap after GC invocations=14 (full 3):
 PSYoungGen      total 150016K, used 24563K [0x00000000f5580000, 0x0000000100000000, 0x0000000100000000)
  eden space 125440K, 0% used [0x00000000f5580000,0x00000000f5580000,0x00000000fd000000)
  from space 24576K, 99% used [0x00000000fd000000,0x00000000fe7fcdc8,0x00000000fe800000)
  to   space 24576K, 0% used [0x00000000fe800000,0x00000000fe800000,0x0000000100000000)
 ParOldGen       total 181760K, used 39638K [0x00000000e0000000, 0x00000000eb180000, 0x00000000f5580000)
  object space 181760K, 21% used [0x00000000e0000000,0x00000000e26b5828,0x00000000eb180000)
 Metaspace       used 76004K, capacity 79038K, committed 79360K, reserved 1118208K
  class space    used 10208K, capacity 10920K, committed 11008K, reserved 1048576K
}
Event: 201.724 GC heap before
{Heap before GC invocations=15 (full 3):
 PSYoungGen      total 150016K, used 150003K [0x00000000f5580000, 0x0000000100000000, 0x0000000100000000)
  eden space 125440K, 100% used [0x00000000f5580000,0x00000000fd000000,0x00000000fd000000)
  from space 24576K, 99% used [0x00000000fd000000,0x00000000fe7fcdc8,0x00000000fe800000)
  to   space 24576K, 0% used [0x00000000fe800000,0x00000000fe800000,0x0000000100000000)
 ParOldGen       total 181760K, used 39638K [0x00000000e0000000, 0x00000000eb180000, 0x00000000f5580000)
  object space 181760K, 21% used [0x00000000e0000000,0x00000000e26b5828,0x00000000eb180000)
 Metaspace       used 79261K, capacity 82430K, committed 82560K, reserved 1120256K
  class space    used 10419K, capacity 11112K, committed 11136K, reserved 1048576K
Event: 201.750 GC heap after
Heap after GC invocations=15 (full 3):
 PSYoungGen      total 143872K, used 9431K [0x00000000f5580000, 0x0000000100000000, 0x0000000100000000)
  eden space 119296K, 0% used [0x00000000f5580000,0x00000000f5580000,0x00000000fca00000)
  from space 24576K, 38% used [0x00000000fe800000,0x00000000ff135d30,0x0000000100000000)
  to   space 27648K, 0% used [0x00000000fca00000,0x00000000fca00000,0x00000000fe500000)
 ParOldGen       total 181760K, used 59487K [0x00000000e0000000, 0x00000000eb180000, 0x00000000f5580000)
  object space 181760K, 32% used [0x00000000e0000000,0x00000000e3a17f88,0x00000000eb180000)
 Metaspace       used 79261K, capacity 82430K, committed 82560K, reserved 1120256K
  class space    used 10419K, capacity 11112K, committed 11136K, reserved 1048576K
}
Event: 202.978 GC heap before
{Heap before GC invocations=16 (full 3):
 PSYoungGen      total 143872K, used 128727K [0x00000000f5580000, 0x0000000100000000, 0x0000000100000000)
  eden space 119296K, 100% used [0x00000000f5580000,0x00000000fca00000,0x00000000fca00000)
  from space 24576K, 38% used [0x00000000fe800000,0x00000000ff135d30,0x0000000100000000)
  to   space 27648K, 0% used [0x00000000fca00000,0x00000000fca00000,0x00000000fe500000)
 ParOldGen       total 181760K, used 59487K [0x00000000e0000000, 0x00000000eb180000, 0x00000000f5580000)
  object space 181760K, 32% used [0x00000000e0000000,0x00000000e3a17f88,0x00000000eb180000)
 Metaspace       used 80481K, capacity 83632K, committed 83712K, reserved 1122304K
  class space    used 10533K, capacity 11195K, committed 11264K, reserved 1048576K
Event: 202.993 GC heap after
Heap after GC invocations=16 (full 3):
 PSYoungGen      total 139776K, used 20438K [0x00000000f5580000, 0x0000000100000000, 0x0000000100000000)
  eden space 119296K, 0% used [0x00000000f5580000,0x00000000f5580000,0x00000000fca00000)
  from space 20480K, 99% used [0x00000000fca00000,0x00000000fddf5858,0x00000000fde00000)
  to   space 28672K, 0% used [0x00000000fe400000,0x00000000fe400000,0x0000000100000000)
 ParOldGen       total 181760K, used 59503K [0x00000000e0000000, 0x00000000eb180000, 0x00000000f5580000)
  object space 181760K, 32% used [0x00000000e0000000,0x00000000e3a1bf88,0x00000000eb180000)
 Metaspace       used 80481K, capacity 83632K, committed 83712K, reserved 1122304K
  class space    used 10533K, capacity 11195K, committed 11264K, reserved 1048576K
}

